core/build/intermediates/manifest_merge_blame_file/release/manifest-merger-blame-release-report.txt
1<?xml version="1.0" encoding="utf-8"?>
2<manifest xmlns:android="http://schemas.android.com/apk/res/android"
3    package="com.core" >
4
5    <uses-sdk android:minSdkVersion="21" />
5-->src/main/AndroidManifest.xml
6
7    <uses-permission android:name="android.permission.ACCESS_NETWORK_STATE" />
7-->src/main/AndroidManifest.xml:5:3-76
7-->src/main/AndroidManifest.xml:5:20-74
8
9    <application android:supportsRtl="true" >
9-->src/main/AndroidManifest.xml:7:3-9:17
9-->src/main/AndroidManifest.xml:8:7-33
10    </application>
11
12</manifest>